[0m01:30:27.072401 [debug] [MainThread]: Sending event: {'category': 'dbt', 'action': 'invocation', 'label': 'start', 'context': [<snowplow_tracker.self_describing_json.SelfDescribingJson object at 0x000001C17896E350>, <snowplow_tracker.self_describing_json.SelfDescribingJson object at 0x000001C1778827D0>, <snowplow_tracker.self_describing_json.SelfDescribingJson object at 0x000001C17896FA90>]}


============================== 01:30:27.077827 | 0e2f96eb-3e0e-461c-82a2-073fa1fafcd3 ==============================
[0m01:30:27.077827 [info ] [MainThread]: Running with dbt=1.11.11
[0m01:30:27.077827 [debug] [MainThread]: running dbt with arguments {'static_parser': 'True', 'no_print': 'None', 'version_check': 'True', 'warn_error_options': 'WarnErrorOptionsV2(error=[], warn=[], silence=[])', 'target_path': 'None', 'printer_width': '80', 'write_json': 'True', 'introspect': 'True', 'log_cache_events': 'False', 'empty': 'None', 'cache_selected_only': 'False', 'log_format': 'default', 'debug': 'False', 'fail_fast': 'False', 'partial_parse': 'True', 'send_anonymous_usage_stats': 'True', 'quiet': 'False', 'warn_error': 'None', 'profiles_dir': 'C:\\Users\\fahad\\.dbt', 'use_colors': 'True', 'indirect_selection': 'eager', 'invocation_command': 'dbt init oil_supply_dbt', 'use_experimental_parser': 'False', 'log_path': 'logs'}
[0m01:30:27.093918 [debug] [MainThread]: Starter project path: D:\projects\oil-supply-chain-snowflake\venv\Lib\site-packages\dbt\include\starter_project
[0m01:30:27.142656 [info ] [MainThread]: 
Your new dbt project "oil_supply_dbt" was created!

For more information on how to configure the profiles.yml file,
please consult the dbt documentation here:

  https://docs.getdbt.com/docs/configure-your-profile

One more thing:

Need help? Don't hesitate to reach out to us via GitHub issues or on Slack:

  https://community.getdbt.com/

Happy modeling!

[0m01:30:27.142656 [info ] [MainThread]: Setting up your profile.
[0m01:30:56.893773 [debug] [MainThread]: Snowflake adapter: Setting snowflake.connector to ERROR (file logging only)
[0m01:30:56.893773 [debug] [MainThread]: Snowflake adapter: Setting botocore to ERROR (file logging only)
[0m01:30:56.893773 [debug] [MainThread]: Snowflake adapter: Setting boto3 to ERROR (file logging only)
[0m01:33:53.511727 [info ] [MainThread]: Profile oil_supply_dbt written to C:\Users\fahad\.dbt\profiles.yml using target's profile_template.yml and your supplied values. Run 'dbt debug' to validate the connection.
[0m01:33:53.512740 [debug] [MainThread]: Command `dbt init` succeeded at 01:33:53.512740 after 206.51 seconds
[0m01:33:53.512740 [debug] [MainThread]: Sending event: {'category': 'dbt', 'action': 'invocation', 'label': 'end', 'context': [<snowplow_tracker.self_describing_json.SelfDescribingJson object at 0x000001C177936410>, <snowplow_tracker.self_describing_json.SelfDescribingJson object at 0x000001C177857A10>, <snowplow_tracker.self_describing_json.SelfDescribingJson object at 0x000001C1776C7B50>]}
[0m01:33:53.512740 [debug] [MainThread]: Flushing usage events
[0m01:33:54.814343 [debug] [MainThread]: An error was encountered while trying to flush usage events
